<?xml version="1.0" encoding="UTF-8"?>
<testsuite name="com.questionmark.server.ServerApplicationTests" tests="0" skipped="0" failures="0" errors="0" timestamp="1970-01-01T00:00:00" hostname="kamals-mbp" time="0.0">
  <properties/>
  <system-out><![CDATA[10:45:46.734 [Test worker] DEBUG org.springframework.test.context.junit4.SpringJUnit4ClassRunner - SpringJUnit4ClassRunner constructor called with [class com.questionmark.server.ServerApplicationTests]
10:45:46.738 [Test worker] DEBUG org.springframework.test.context.BootstrapUtils - Instantiating CacheAwareContextLoaderDelegate from class [org.springframework.test.context.cache.DefaultCacheAwareContextLoaderDelegate]
10:45:46.744 [Test worker] DEBUG org.springframework.test.context.BootstrapUtils - Instantiating BootstrapContext using constructor [public org.springframework.test.context.support.DefaultBootstrapContext(java.lang.Class,org.springframework.test.context.CacheAwareContextLoaderDelegate)]
10:45:46.756 [Test worker] DEBUG org.springframework.test.context.BootstrapUtils - Instantiating TestContextBootstrapper for test class [com.questionmark.server.ServerApplicationTests] from class [org.springframework.boot.test.context.SpringBootTestContextBootstrapper]
10:45:46.766 [Test worker] INFO org.springframework.boot.test.context.SpringBootTestContextBootstrapper - Neither @ContextConfiguration nor @ContextHierarchy found for test class [com.questionmark.server.ServerApplicationTests], using SpringBootContextLoader
10:45:46.769 [Test worker] DEBUG org.springframework.test.context.support.AbstractContextLoader - Did not detect default resource location for test class [com.questionmark.server.ServerApplicationTests]: class path resource [com/questionmark/server/ServerApplicationTests-context.xml] does not exist
10:45:46.770 [Test worker] DEBUG org.springframework.test.context.support.AbstractContextLoader - Did not detect default resource location for test class [com.questionmark.server.ServerApplicationTests]: class path resource [com/questionmark/server/ServerApplicationTestsContext.groovy] does not exist
10:45:46.770 [Test worker] INFO org.springframework.test.context.support.AbstractContextLoader - Could not detect default resource locations for test class [com.questionmark.server.ServerApplicationTests]: no resource found for suffixes {-context.xml, Context.groovy}.
10:45:46.770 [Test worker] INFO org.springframework.test.context.support.AnnotationConfigContextLoaderUtils - Could not detect default configuration classes for test class [com.questionmark.server.ServerApplicationTests]: ServerApplicationTests does not declare any static, non-private, non-final, nested classes annotated with @Configuration.
10:45:46.797 [Test worker] DEBUG org.springframework.test.context.support.ActiveProfilesUtils - Could not find an 'annotation declaring class' for annotation type [org.springframework.test.context.ActiveProfiles] and class [com.questionmark.server.ServerApplicationTests]
10:45:46.804 [Test worker] DEBUG org.springframework.core.env.StandardEnvironment - Adding [systemProperties] PropertySource with lowest search precedence
10:45:46.804 [Test worker] DEBUG org.springframework.core.env.StandardEnvironment - Adding [systemEnvironment] PropertySource with lowest search precedence
10:45:46.804 [Test worker] DEBUG org.springframework.core.env.StandardEnvironment - Initialized StandardEnvironment with PropertySources [systemProperties,systemEnvironment]
10:45:46.813 [Test worker] DEBUG org.springframework.core.io.support.PathMatchingResourcePatternResolver - Resolved classpath location [com/questionmark/server/] to resources [URL [file:/Users/kkrbmacbook/projects/questionmarks-server/build/classes/test/com/questionmark/server/], URL [file:/Users/kkrbmacbook/projects/questionmarks-server/build/classes/main/com/questionmark/server/]]
10:45:46.813 [Test worker] DEBUG org.springframework.core.io.support.PathMatchingResourcePatternResolver - Looking for matching resources in directory tree [/Users/kkrbmacbook/projects/questionmarks-server/build/classes/test/com/questionmark/server]
10:45:46.813 [Test worker] DEBUG org.springframework.core.io.support.PathMatchingResourcePatternResolver - Searching directory [/Users/kkrbmacbook/projects/questionmarks-server/build/classes/test/com/questionmark/server] for files matching pattern [/Users/kkrbmacbook/projects/questionmarks-server/build/classes/test/com/questionmark/server/*.class]
10:45:46.816 [Test worker] DEBUG org.springframework.core.io.support.PathMatchingResourcePatternResolver - Looking for matching resources in directory tree [/Users/kkrbmacbook/projects/questionmarks-server/build/classes/main/com/questionmark/server]
10:45:46.816 [Test worker] DEBUG org.springframework.core.io.support.PathMatchingResourcePatternResolver - Searching directory [/Users/kkrbmacbook/projects/questionmarks-server/build/classes/main/com/questionmark/server] for files matching pattern [/Users/kkrbmacbook/projects/questionmarks-server/build/classes/main/com/questionmark/server/*.class]
10:45:46.817 [Test worker] DEBUG org.springframework.core.io.support.PathMatchingResourcePatternResolver - Resolved location pattern [classpath*:com/questionmark/server/*.class] to resources [file [/Users/kkrbmacbook/projects/questionmarks-server/build/classes/test/com/questionmark/server/ServerApplicationTests.class], file [/Users/kkrbmacbook/projects/questionmarks-server/build/classes/main/com/questionmark/server/ServerApplication.class]]
10:45:46.852 [Test worker] DEBUG org.springframework.context.annotation.ClassPathScanningCandidateComponentProvider - Identified candidate component class: file [/Users/kkrbmacbook/projects/questionmarks-server/build/classes/main/com/questionmark/server/ServerApplication.class]
10:45:46.853 [Test worker] INFO org.springframework.boot.test.context.SpringBootTestContextBootstrapper - Found @SpringBootConfiguration com.questionmark.server.ServerApplication for test class com.questionmark.server.ServerApplicationTests
10:45:46.856 [Test worker] DEBUG org.springframework.boot.test.context.SpringBootTestContextBootstrapper - @TestExecutionListeners is not present for class [com.questionmark.server.ServerApplicationTests]: using defaults.
10:45:46.859 [Test worker] INFO org.springframework.boot.test.context.SpringBootTestContextBootstrapper - Loaded default TestExecutionListener class names from location [META-INF/spring.factories]: [org.springframework.boot.test.mock.mockito.MockitoTestExecutionListener, org.springframework.boot.test.mock.mockito.ResetMocksTestExecutionListener, org.springframework.boot.test.autoconfigure.restdocs.RestDocsTestExecutionListener, org.springframework.boot.test.autoconfigure.web.client.MockRestServiceServerResetTestExecutionListener, org.springframework.boot.test.autoconfigure.web.servlet.MockMvcPrintOnlyOnFailureTestExecutionListener, org.springframework.boot.test.autoconfigure.web.servlet.WebDriverTestExecutionListener, org.springframework.test.context.web.ServletTestExecutionListener, org.springframework.test.context.support.DirtiesContextBeforeModesTestExecutionListener, org.springframework.test.context.support.DependencyInjectionTestExecutionListener, org.springframework.test.context.support.DirtiesContextTestExecutionListener, org.springframework.test.context.transaction.TransactionalTestExecutionListener, org.springframework.test.context.jdbc.SqlScriptsTestExecutionListener]
10:45:46.877 [Test worker] INFO org.springframework.boot.test.context.SpringBootTestContextBootstrapper - Using TestExecutionListeners: [org.springframework.test.context.web.ServletTestExecutionListener@3a400c00, org.springframework.test.context.support.DirtiesContextBeforeModesTestExecutionListener@5148c558, org.springframework.boot.test.autoconfigure.SpringBootDependencyInjectionTestExecutionListener@2f8ec655, org.springframework.test.context.support.DirtiesContextTestExecutionListener@12a30418, org.springframework.test.context.transaction.TransactionalTestExecutionListener@28393a40, org.springframework.test.context.jdbc.SqlScriptsTestExecutionListener@3f4c581a, org.springframework.boot.test.mock.mockito.MockitoTestExecutionListener@66298dc8, org.springframework.boot.test.autoconfigure.web.servlet.MockMvcPrintOnlyOnFailureTestExecutionListener@6c20d6d1, org.springframework.boot.test.mock.mockito.ResetMocksTestExecutionListener@d2a0a2f, org.springframework.boot.test.autoconfigure.web.servlet.WebDriverTestExecutionListener@50fb1f18, org.springframework.boot.test.autoconfigure.restdocs.RestDocsTestExecutionListener@7a168f02, org.springframework.boot.test.autoconfigure.web.client.MockRestServiceServerResetTestExecutionListener@10ea48cf]
10:45:46.886 [Test worker] DEBUG org.springframework.test.annotation.ProfileValueUtils - Retrieved @ProfileValueSourceConfiguration [null] for test class [com.questionmark.server.ServerApplicationTests]
10:45:46.886 [Test worker] DEBUG org.springframework.test.annotation.ProfileValueUtils - Retrieved ProfileValueSource type [class org.springframework.test.annotation.SystemProfileValueSource] for class [com.questionmark.server.ServerApplicationTests]
]]></system-out>
  <system-err><![CDATA[]]></system-err>
</testsuite>
